C:\USERS\NATHAN\DOCUMENTS\NATHAN\PROGRAMMING\VERSION CONTROLLED\C++\ONLOOKER\ONLOOKER\GAME FRAMEWORK\WINDOWS\ONLOOKER\ONLOOKER\DEBUG\OL_RENDERER.OBJ
C:\USERS\NATHAN\DOCUMENTS\NATHAN\PROGRAMMING\VERSION CONTROLLED\C++\ONLOOKER\ONLOOKER\GAME FRAMEWORK\WINDOWS\ONLOOKER\ONLOOKER\DEBUG\OL_SHADER.OBJ
C:\USERS\NATHAN\DOCUMENTS\NATHAN\PROGRAMMING\VERSION CONTROLLED\C++\ONLOOKER\ONLOOKER\GAME FRAMEWORK\WINDOWS\ONLOOKER\ONLOOKER\DEBUG\OL_TEXTURE.OBJ
C:\USERS\NATHAN\DOCUMENTS\NATHAN\PROGRAMMING\VERSION CONTROLLED\C++\ONLOOKER\ONLOOKER\GAME FRAMEWORK\WINDOWS\ONLOOKER\ONLOOKER\DEBUG\OL_VERTEXATTRIBUTE.OBJ
C:\USERS\NATHAN\DOCUMENTS\NATHAN\PROGRAMMING\VERSION CONTROLLED\C++\ONLOOKER\ONLOOKER\GAME FRAMEWORK\WINDOWS\ONLOOKER\ONLOOKER\DEBUG\TEXTUREMANAGER.OBJ
C:\USERS\NATHAN\DOCUMENTS\NATHAN\PROGRAMMING\VERSION CONTROLLED\C++\ONLOOKER\ONLOOKER\GAME FRAMEWORK\WINDOWS\ONLOOKER\ONLOOKER\DEBUG\OL_TEXTUREREFERENCE.OBJ
C:\USERS\NATHAN\DOCUMENTS\NATHAN\PROGRAMMING\VERSION CONTROLLED\C++\ONLOOKER\ONLOOKER\GAME FRAMEWORK\WINDOWS\ONLOOKER\ONLOOKER\DEBUG\OL_APPLICATION.OBJ
C:\USERS\NATHAN\DOCUMENTS\NATHAN\PROGRAMMING\VERSION CONTROLLED\C++\ONLOOKER\ONLOOKER\GAME FRAMEWORK\WINDOWS\ONLOOKER\ONLOOKER\DEBUG\OL_WINDOW.OBJ
C:\USERS\NATHAN\DOCUMENTS\NATHAN\PROGRAMMING\VERSION CONTROLLED\C++\ONLOOKER\ONLOOKER\GAME FRAMEWORK\WINDOWS\ONLOOKER\ONLOOKER\DEBUG\OL_GAME.OBJ
C:\USERS\NATHAN\DOCUMENTS\NATHAN\PROGRAMMING\VERSION CONTROLLED\C++\ONLOOKER\ONLOOKER\GAME FRAMEWORK\WINDOWS\ONLOOKER\ONLOOKER\DEBUG\LODEPNG.OBJ
C:\USERS\NATHAN\DOCUMENTS\NATHAN\PROGRAMMING\VERSION CONTROLLED\C++\ONLOOKER\ONLOOKER\GAME FRAMEWORK\WINDOWS\ONLOOKER\ONLOOKER\DEBUG\MATRIX.OBJ
C:\USERS\NATHAN\DOCUMENTS\NATHAN\PROGRAMMING\VERSION CONTROLLED\C++\ONLOOKER\ONLOOKER\GAME FRAMEWORK\WINDOWS\ONLOOKER\ONLOOKER\DEBUG\VECTOR.OBJ
C:\USERS\NATHAN\DOCUMENTS\NATHAN\PROGRAMMING\VERSION CONTROLLED\C++\ONLOOKER\ONLOOKER\GAME FRAMEWORK\WINDOWS\ONLOOKER\ONLOOKER\DEBUG\OL_CONSOLE.OBJ
C:\USERS\NATHAN\DOCUMENTS\NATHAN\PROGRAMMING\VERSION CONTROLLED\C++\ONLOOKER\ONLOOKER\GAME FRAMEWORK\WINDOWS\ONLOOKER\ONLOOKER\DEBUG\OL_CONSOLEMESSAGE.OBJ
C:\USERS\NATHAN\DOCUMENTS\NATHAN\PROGRAMMING\VERSION CONTROLLED\C++\ONLOOKER\ONLOOKER\GAME FRAMEWORK\WINDOWS\ONLOOKER\ONLOOKER\DEBUG\OL_DEBUG.OBJ
C:\USERS\NATHAN\DOCUMENTS\NATHAN\PROGRAMMING\VERSION CONTROLLED\C++\ONLOOKER\ONLOOKER\GAME FRAMEWORK\WINDOWS\ONLOOKER\ONLOOKER\DEBUG\OL_FILEPATH.OBJ
C:\USERS\NATHAN\DOCUMENTS\NATHAN\PROGRAMMING\VERSION CONTROLLED\C++\ONLOOKER\ONLOOKER\GAME FRAMEWORK\WINDOWS\ONLOOKER\ONLOOKER\DEBUG\OL_TIME.OBJ
C:\USERS\NATHAN\DOCUMENTS\NATHAN\PROGRAMMING\VERSION CONTROLLED\C++\ONLOOKER\ONLOOKER\GAME FRAMEWORK\WINDOWS\ONLOOKER\ONLOOKER\DEBUG\OL_UTILITIES.OBJ
C:\USERS\NATHAN\DOCUMENTS\NATHAN\PROGRAMMING\VERSION CONTROLLED\C++\ONLOOKER\ONLOOKER\GAME FRAMEWORK\WINDOWS\ONLOOKER\ONLOOKER\DEBUG\OL_MAIN.OBJ
C:\USERS\NATHAN\DOCUMENTS\NATHAN\PROGRAMMING\VERSION CONTROLLED\C++\ONLOOKER\ONLOOKER\GAME FRAMEWORK\WINDOWS\ONLOOKER\ONLOOKER\DEBUG\OL_IREFERENCE.OBJ
C:\USERS\NATHAN\DOCUMENTS\NATHAN\PROGRAMMING\VERSION CONTROLLED\C++\ONLOOKER\ONLOOKER\GAME FRAMEWORK\WINDOWS\ONLOOKER\ONLOOKER\DEBUG\OL_OBJECT.OBJ
C:\USERS\NATHAN\DOCUMENTS\NATHAN\PROGRAMMING\VERSION CONTROLLED\C++\ONLOOKER\ONLOOKER\GAME FRAMEWORK\WINDOWS\ONLOOKER\ONLOOKER\DEBUG\OL_STRING.OBJ
C:\USERS\NATHAN\DOCUMENTS\NATHAN\PROGRAMMING\VERSION CONTROLLED\C++\ONLOOKER\ONLOOKER\GAME FRAMEWORK\WINDOWS\ONLOOKER\ONLOOKER\DEBUG\OL_BUTTON.OBJ
C:\USERS\NATHAN\DOCUMENTS\NATHAN\PROGRAMMING\VERSION CONTROLLED\C++\ONLOOKER\ONLOOKER\GAME FRAMEWORK\WINDOWS\ONLOOKER\ONLOOKER\DEBUG\OL_HARDWARECONTROL.OBJ
C:\USERS\NATHAN\DOCUMENTS\NATHAN\PROGRAMMING\VERSION CONTROLLED\C++\ONLOOKER\ONLOOKER\GAME FRAMEWORK\WINDOWS\ONLOOKER\ONLOOKER\DEBUG\OL_INPUT.OBJ
C:\USERS\NATHAN\DOCUMENTS\NATHAN\PROGRAMMING\VERSION CONTROLLED\C++\ONLOOKER\ONLOOKER\GAME FRAMEWORK\WINDOWS\ONLOOKER\ONLOOKER\DEBUG\OL_INPUTLISTENER.OBJ
C:\USERS\NATHAN\DOCUMENTS\NATHAN\PROGRAMMING\VERSION CONTROLLED\C++\ONLOOKER\ONLOOKER\GAME FRAMEWORK\WINDOWS\ONLOOKER\ONLOOKER\DEBUG\OL_KEY.OBJ
C:\USERS\NATHAN\DOCUMENTS\NATHAN\PROGRAMMING\VERSION CONTROLLED\C++\ONLOOKER\ONLOOKER\GAME FRAMEWORK\WINDOWS\ONLOOKER\ONLOOKER\DEBUG\ALLOCATOR.OBJ
C:\USERS\NATHAN\DOCUMENTS\NATHAN\PROGRAMMING\VERSION CONTROLLED\C++\ONLOOKER\ONLOOKER\GAME FRAMEWORK\WINDOWS\ONLOOKER\ONLOOKER\DEBUG\LINEARALLOCATOR.OBJ
C:\USERS\NATHAN\DOCUMENTS\NATHAN\PROGRAMMING\VERSION CONTROLLED\C++\ONLOOKER\ONLOOKER\GAME FRAMEWORK\WINDOWS\ONLOOKER\ONLOOKER\DEBUG\OL_MEMORY.OBJ
C:\USERS\NATHAN\DOCUMENTS\NATHAN\PROGRAMMING\VERSION CONTROLLED\C++\ONLOOKER\ONLOOKER\GAME FRAMEWORK\WINDOWS\ONLOOKER\ONLOOKER\DEBUG\POOLALLOCATOR.OBJ
C:\USERS\NATHAN\DOCUMENTS\NATHAN\PROGRAMMING\VERSION CONTROLLED\C++\ONLOOKER\ONLOOKER\GAME FRAMEWORK\WINDOWS\ONLOOKER\ONLOOKER\DEBUG\OL_CLASS.OBJ
C:\USERS\NATHAN\DOCUMENTS\NATHAN\PROGRAMMING\VERSION CONTROLLED\C++\ONLOOKER\ONLOOKER\GAME FRAMEWORK\WINDOWS\ONLOOKER\ONLOOKER\DEBUG\OL_INTERFACE.OBJ
C:\USERS\NATHAN\DOCUMENTS\NATHAN\PROGRAMMING\VERSION CONTROLLED\C++\ONLOOKER\ONLOOKER\GAME FRAMEWORK\WINDOWS\ONLOOKER\ONLOOKER\DEBUG\OL_TYPEFACTORY.OBJ
C:\USERS\NATHAN\DOCUMENTS\NATHAN\PROGRAMMING\VERSION CONTROLLED\C++\ONLOOKER\ONLOOKER\GAME FRAMEWORK\WINDOWS\ONLOOKER\ONLOOKER\DEBUG\OL_COLOR.OBJ
C:\USERS\NATHAN\DOCUMENTS\NATHAN\PROGRAMMING\VERSION CONTROLLED\C++\ONLOOKER\ONLOOKER\GAME FRAMEWORK\WINDOWS\ONLOOKER\ONLOOKER\DEBUG\OL_MESH.OBJ
C:\USERS\NATHAN\DOCUMENTS\NATHAN\PROGRAMMING\VERSION CONTROLLED\C++\ONLOOKER\ONLOOKER\GAME FRAMEWORK\WINDOWS\ONLOOKER\ONLOOKER\DEBUG\VC100.PDB
C:\USERS\NATHAN\DOCUMENTS\NATHAN\PROGRAMMING\VERSION CONTROLLED\C++\ONLOOKER\ONLOOKER\GAME FRAMEWORK\WINDOWS\ONLOOKER\ONLOOKER\DEBUG\OL_UNIQUENUMBERGENERATOR.OBJ
C:\USERS\NATHAN\DOCUMENTS\NATHAN\PROGRAMMING\VERSION CONTROLLED\C++\ONLOOKER\ONLOOKER\GAME FRAMEWORK\WINDOWS\ONLOOKER\DEBUG\ONLOOKER.ILK
C:\USERS\NATHAN\DOCUMENTS\NATHAN\PROGRAMMING\VERSION CONTROLLED\C++\ONLOOKER\ONLOOKER\GAME FRAMEWORK\WINDOWS\ONLOOKER\DEBUG\ONLOOKER.EXE
C:\USERS\NATHAN\DOCUMENTS\NATHAN\PROGRAMMING\VERSION CONTROLLED\C++\ONLOOKER\ONLOOKER\GAME FRAMEWORK\WINDOWS\ONLOOKER\ONLOOKER\DEBUG\ONLOOKER.EXE.INTERMEDIATE.MANIFEST
C:\USERS\NATHAN\DOCUMENTS\NATHAN\PROGRAMMING\VERSION CONTROLLED\C++\ONLOOKER\ONLOOKER\GAME FRAMEWORK\WINDOWS\ONLOOKER\DEBUG\ONLOOKER.PDB
C:\Users\Nathan\Documents\Nathan\Programming\Version Controlled\C++\OnLooker\OnLooker\Game Framework\Windows\OnLooker\OnLooker\Debug\Allocator.obj
C:\Users\Nathan\Documents\Nathan\Programming\Version Controlled\C++\OnLooker\OnLooker\Game Framework\Windows\OnLooker\OnLooker\Debug\LinearAllocator.obj
C:\Users\Nathan\Documents\Nathan\Programming\Version Controlled\C++\OnLooker\OnLooker\Game Framework\Windows\OnLooker\OnLooker\Debug\lodepng.obj
C:\Users\Nathan\Documents\Nathan\Programming\Version Controlled\C++\OnLooker\OnLooker\Game Framework\Windows\OnLooker\OnLooker\Debug\Matrix.obj
C:\Users\Nathan\Documents\Nathan\Programming\Version Controlled\C++\OnLooker\OnLooker\Game Framework\Windows\OnLooker\OnLooker\Debug\OL_Application.obj
C:\Users\Nathan\Documents\Nathan\Programming\Version Controlled\C++\OnLooker\OnLooker\Game Framework\Windows\OnLooker\OnLooker\Debug\OL_Button.obj
C:\Users\Nathan\Documents\Nathan\Programming\Version Controlled\C++\OnLooker\OnLooker\Game Framework\Windows\OnLooker\OnLooker\Debug\OL_Class.obj
C:\Users\Nathan\Documents\Nathan\Programming\Version Controlled\C++\OnLooker\OnLooker\Game Framework\Windows\OnLooker\OnLooker\Debug\OL_Color.obj
C:\Users\Nathan\Documents\Nathan\Programming\Version Controlled\C++\OnLooker\OnLooker\Game Framework\Windows\OnLooker\OnLooker\Debug\OL_Console.obj
C:\Users\Nathan\Documents\Nathan\Programming\Version Controlled\C++\OnLooker\OnLooker\Game Framework\Windows\OnLooker\OnLooker\Debug\OL_ConsoleMessage.obj
C:\Users\Nathan\Documents\Nathan\Programming\Version Controlled\C++\OnLooker\OnLooker\Game Framework\Windows\OnLooker\OnLooker\Debug\OL_Debug.obj
C:\Users\Nathan\Documents\Nathan\Programming\Version Controlled\C++\OnLooker\OnLooker\Game Framework\Windows\OnLooker\OnLooker\Debug\OL_FilePath.obj
C:\Users\Nathan\Documents\Nathan\Programming\Version Controlled\C++\OnLooker\OnLooker\Game Framework\Windows\OnLooker\OnLooker\Debug\OL_Game.obj
C:\Users\Nathan\Documents\Nathan\Programming\Version Controlled\C++\OnLooker\OnLooker\Game Framework\Windows\OnLooker\OnLooker\Debug\OL_HardwareControl.obj
C:\Users\Nathan\Documents\Nathan\Programming\Version Controlled\C++\OnLooker\OnLooker\Game Framework\Windows\OnLooker\OnLooker\Debug\OL_Input.obj
C:\Users\Nathan\Documents\Nathan\Programming\Version Controlled\C++\OnLooker\OnLooker\Game Framework\Windows\OnLooker\OnLooker\Debug\OL_InputListener.obj
C:\Users\Nathan\Documents\Nathan\Programming\Version Controlled\C++\OnLooker\OnLooker\Game Framework\Windows\OnLooker\OnLooker\Debug\OL_Interface.obj
C:\Users\Nathan\Documents\Nathan\Programming\Version Controlled\C++\OnLooker\OnLooker\Game Framework\Windows\OnLooker\OnLooker\Debug\OL_IReference.obj
C:\Users\Nathan\Documents\Nathan\Programming\Version Controlled\C++\OnLooker\OnLooker\Game Framework\Windows\OnLooker\OnLooker\Debug\OL_Key.obj
C:\Users\Nathan\Documents\Nathan\Programming\Version Controlled\C++\OnLooker\OnLooker\Game Framework\Windows\OnLooker\OnLooker\Debug\OL_Main.obj
C:\Users\Nathan\Documents\Nathan\Programming\Version Controlled\C++\OnLooker\OnLooker\Game Framework\Windows\OnLooker\OnLooker\Debug\OL_Memory.obj
C:\Users\Nathan\Documents\Nathan\Programming\Version Controlled\C++\OnLooker\OnLooker\Game Framework\Windows\OnLooker\OnLooker\Debug\OL_Mesh.obj
C:\Users\Nathan\Documents\Nathan\Programming\Version Controlled\C++\OnLooker\OnLooker\Game Framework\Windows\OnLooker\OnLooker\Debug\OL_Object.obj
C:\Users\Nathan\Documents\Nathan\Programming\Version Controlled\C++\OnLooker\OnLooker\Game Framework\Windows\OnLooker\OnLooker\Debug\OL_Renderer.obj
C:\Users\Nathan\Documents\Nathan\Programming\Version Controlled\C++\OnLooker\OnLooker\Game Framework\Windows\OnLooker\OnLooker\Debug\OL_Shader.obj
C:\Users\Nathan\Documents\Nathan\Programming\Version Controlled\C++\OnLooker\OnLooker\Game Framework\Windows\OnLooker\OnLooker\Debug\OL_String.obj
C:\Users\Nathan\Documents\Nathan\Programming\Version Controlled\C++\OnLooker\OnLooker\Game Framework\Windows\OnLooker\OnLooker\Debug\OL_Texture.obj
C:\Users\Nathan\Documents\Nathan\Programming\Version Controlled\C++\OnLooker\OnLooker\Game Framework\Windows\OnLooker\OnLooker\Debug\OL_TextureReference.obj
C:\Users\Nathan\Documents\Nathan\Programming\Version Controlled\C++\OnLooker\OnLooker\Game Framework\Windows\OnLooker\OnLooker\Debug\OL_Time.obj
C:\Users\Nathan\Documents\Nathan\Programming\Version Controlled\C++\OnLooker\OnLooker\Game Framework\Windows\OnLooker\OnLooker\Debug\OL_TypeFactory.obj
C:\Users\Nathan\Documents\Nathan\Programming\Version Controlled\C++\OnLooker\OnLooker\Game Framework\Windows\OnLooker\OnLooker\Debug\OL_UniqueNumberGenerator.obj
C:\Users\Nathan\Documents\Nathan\Programming\Version Controlled\C++\OnLooker\OnLooker\Game Framework\Windows\OnLooker\OnLooker\Debug\OL_Utilities.obj
C:\Users\Nathan\Documents\Nathan\Programming\Version Controlled\C++\OnLooker\OnLooker\Game Framework\Windows\OnLooker\OnLooker\Debug\OL_VertexAttribute.obj
C:\Users\Nathan\Documents\Nathan\Programming\Version Controlled\C++\OnLooker\OnLooker\Game Framework\Windows\OnLooker\OnLooker\Debug\OL_Window.obj
C:\Users\Nathan\Documents\Nathan\Programming\Version Controlled\C++\OnLooker\OnLooker\Game Framework\Windows\OnLooker\OnLooker\Debug\PoolAllocator.obj
C:\Users\Nathan\Documents\Nathan\Programming\Version Controlled\C++\OnLooker\OnLooker\Game Framework\Windows\OnLooker\OnLooker\Debug\TextureManager.obj
C:\Users\Nathan\Documents\Nathan\Programming\Version Controlled\C++\OnLooker\OnLooker\Game Framework\Windows\OnLooker\OnLooker\Debug\Vector.obj
C:\Users\Nathan\Documents\Nathan\Programming\Version Controlled\C++\OnLooker\OnLooker\Game Framework\Windows\OnLooker\OnLooker\Debug\cl.command.1.tlog
C:\Users\Nathan\Documents\Nathan\Programming\Version Controlled\C++\OnLooker\OnLooker\Game Framework\Windows\OnLooker\OnLooker\Debug\CL.read.1.tlog
C:\Users\Nathan\Documents\Nathan\Programming\Version Controlled\C++\OnLooker\OnLooker\Game Framework\Windows\OnLooker\OnLooker\Debug\CL.write.1.tlog
C:\Users\Nathan\Documents\Nathan\Programming\Version Controlled\C++\OnLooker\OnLooker\Game Framework\Windows\OnLooker\OnLooker\Debug\link.command.1.tlog
C:\Users\Nathan\Documents\Nathan\Programming\Version Controlled\C++\OnLooker\OnLooker\Game Framework\Windows\OnLooker\OnLooker\Debug\link.read.1.tlog
C:\Users\Nathan\Documents\Nathan\Programming\Version Controlled\C++\OnLooker\OnLooker\Game Framework\Windows\OnLooker\OnLooker\Debug\link.write.1.tlog
C:\Users\Nathan\Documents\Nathan\Programming\Version Controlled\C++\OnLooker\OnLooker\Game Framework\Windows\OnLooker\OnLooker\Debug\mt.command.1.tlog
C:\Users\Nathan\Documents\Nathan\Programming\Version Controlled\C++\OnLooker\OnLooker\Game Framework\Windows\OnLooker\OnLooker\Debug\mt.read.1.tlog
C:\Users\Nathan\Documents\Nathan\Programming\Version Controlled\C++\OnLooker\OnLooker\Game Framework\Windows\OnLooker\OnLooker\Debug\mt.write.1.tlog
C:\Users\Nathan\Documents\Nathan\Programming\Version Controlled\C++\OnLooker\OnLooker\Game Framework\Windows\OnLooker\OnLooker\Debug\OnLooker.exe.intermediate.manifest
C:\Users\Nathan\Documents\Nathan\Programming\Version Controlled\C++\OnLooker\OnLooker\Game Framework\Windows\OnLooker\OnLooker\Debug\vc100.idb
C:\Users\Nathan\Documents\Nathan\Programming\Version Controlled\C++\OnLooker\OnLooker\Game Framework\Windows\OnLooker\OnLooker\Debug\vc100.pdb
C:\Users\Nathan\Documents\Nathan\Programming\Version Controlled\C++\OnLooker\OnLooker\Game Framework\Windows\OnLooker\Debug\OnLooker.pdb
C:\Users\Nathan\Documents\Nathan\Programming\Version Controlled\C++\OnLooker\OnLooker\Game Framework\Windows\OnLooker\Debug\OnLooker.exe
C:\Users\Nathan\Documents\Nathan\Programming\Version Controlled\C++\OnLooker\OnLooker\Game Framework\Windows\OnLooker\Debug\OnLooker.ilk
